#
# A fatal error has been detected by the Java Runtime Environment:
#
#  Internal Error (javaClasses.cpp:136), pid=10804, tid=13204
#  fatal error: Invalid layout of preloaded class
#
# JRE version:  (7.0_45-b18) (build )
# Java VM: Java HotSpot(TM) 64-Bit Server VM (24.45-b08 mixed mode windows-amd64 compressed oops)
# Failed to write core dump. Minidumps are not enabled by default on client versions of Windows
#
# If you would like to submit a bug report, please visit:
#   http://bugreport.sun.com/bugreport/crash.jsp
#

---------------  T H R E A D  ---------------

Current thread (0x00000000023c8000):  JavaThread "Unknown thread" [_thread_in_vm, id=13204, stack(0x00000000025d0000,0x00000000026d0000)]

Stack: [0x00000000025d0000,0x00000000026d0000]

---------------  P R O C E S S  ---------------

Java Threads: ( => current thread )

Other Threads:

=>0x00000000023c8000 (exited) JavaThread "Unknown thread" [_thread_in_vm, id=13204, stack(0x00000000025d0000,0x00000000026d0000)]

VM state:not at safepoint (not fully initialized)

VM Mutex/Monitor currently owned by a thread: None

GC Heap History (0 events):
No events

Deoptimization events (0 events):
No events

Internal exceptions (0 events):
No events

Events (10 events):
Event: 0.558 loading class 0x000000000240de30 done
Event: 0.559 loading class 0x000000000240d850 done
Event: 0.559 loading class 0x000000000240d830
Event: 0.570 loading class 0x0000000002415970
Event: 0.570 loading class 0x0000000002415970 done
Event: 0.570 loading class 0x00000000024159a0
Event: 0.570 loading class 0x00000000024159a0 done
Event: 0.570 loading class 0x00000000024159d0
Event: 0.570 loading class 0x00000000024159d0 done
Event: 0.570 loading class 0x000000000240d830 done


Dynamic libraries:
0x000000013ff00000 - 0x000000013ff33000 	D:\Like\Java\jdk\jdk-7u45-windows-x64\bin\javaw.exe
0x00000000770a0000 - 0x0000000077249000 	C:\Windows\SYSTEM32\ntdll.dll
0x0000000076d40000 - 0x0000000076e5f000 	C:\Windows\system32\kernel32.dll
0x000007fefcd30000 - 0x000007fefcd9c000 	C:\Windows\system32\KERNELBASE.dll
0x000007fefd220000 - 0x000007fefd2fb000 	C:\Windows\system32\ADVAPI32.dll
0x000007fefd530000 - 0x000007fefd5cf000 	C:\Windows\system32\msvcrt.dll
0x000007fefd510000 - 0x000007fefd52f000 	C:\Windows\SYSTEM32\sechost.dll
0x000007fefd860000 - 0x000007fefd98d000 	C:\Windows\system32\RPCRT4.dll
0x0000000076fa0000 - 0x000000007709a000 	C:\Windows\system32\USER32.dll
0x000007fefec70000 - 0x000007fefecd7000 	C:\Windows\system32\GDI32.dll
0x000007fefee10000 - 0x000007fefee1e000 	C:\Windows\system32\LPK.dll
0x000007fefeaf0000 - 0x000007fefebb9000 	C:\Windows\system32\USP10.dll
0x000007fefb1f0000 - 0x000007fefb3e4000 	C:\Windows\WinSxS\amd64_microsoft.windows.common-controls_6595b64144ccf1df_6.0.7601.17514_none_fa396087175ac9ac\COMCTL32.dll
0x000007fefe9f0000 - 0x000007fefea61000 	C:\Windows\system32\SHLWAPI.dll
0x000007fefd830000 - 0x000007fefd85e000 	C:\Windows\system32\IMM32.DLL
0x000007fefef60000 - 0x000007feff069000 	C:\Windows\system32\MSCTF.dll
0x0000000078f50000 - 0x0000000079022000 	D:\Like\Java\jdk\jdk-7u45-windows-x64\jre\bin\msvcr100.dll
0x0000000051aa0000 - 0x0000000052269000 	D:\Like\Java\jdk\jdk-7u45-windows-x64\jre\bin\server\jvm.dll
0x000007fefc020000 - 0x000007fefc029000 	C:\Windows\system32\WSOCK32.dll
0x000007fefece0000 - 0x000007fefed2d000 	C:\Windows\system32\WS2_32.dll
0x000007fefd5d0000 - 0x000007fefd5d8000 	C:\Windows\system32\NSI.dll
0x000007fefd040000 - 0x000007fefd07b000 	C:\Windows\system32\WINMM.dll
0x0000000077260000 - 0x0000000077267000 	C:\Windows\system32\PSAPI.DLL
0x0000000073a90000 - 0x0000000073a9f000 	D:\Like\Java\jdk\jdk-7u45-windows-x64\jre\bin\verify.dll
0x0000000067750000 - 0x0000000067778000 	D:\Like\Java\jdk\jdk-7u45-windows-x64\jre\bin\java.dll
0x0000000072ab0000 - 0x0000000072ac5000 	D:\Like\Java\jdk\jdk-7u45-windows-x64\jre\bin\zip.dll

VM Arguments:
jvm_args: -Dfile.encoding=GBK -Xbootclasspath:D:\Like\Java\Android\adt-bundle-windows-x86_64-20130917\sdk\platforms\android-21\android.jar 
java_command: com.wm.utils.DataConvertUtils
Launcher Type: SUN_STANDARD

Environment Variables:
JAVA_HOME=D:\Like\Java\jdk\jdk-7u45-windows-x64
PATH=D:/Like/Java/jdk/jdk-7u45-windows-x64/bin/../jre/bin/server;D:/Like/Java/jdk/jdk-7u45-windows-x64/bin/../jre/bin;D:/Like/Java/jdk/jdk-7u45-windows-x64/bin/../jre/lib/amd64;C:\Git\libexec\git-core;C:\Git\bin;D:\Like\Java\ant\apache-ant-1.9.3-bin\apache-ant-1.9.3\bin;D:\Like\Java\jdk\jdk-7u45-windows-x64\bin;C:\Program Files\Common Files\Microsoft Shared\Windows Live;C:\Program Files (x86)\Common Files\Microsoft Shared\Windows Live;c:\Program Files (x86)\AMD APP\bin\x86_64;c:\Program Files (x86)\AMD APP\bin\x86;C:\Program Files (x86)\Intel\iCLS Client\;C:\Program Files\Intel\iCLS Client\;C:\Windows\system32;C:\Windows;C:\Windows\System32\Wbem;C:\Windows\System32\WindowsPowerShell\v1.0\;C:\Program Files\Intel\Intel(R) Management Engine Components\DAL;C:\Program Files\Intel\Intel(R) Management Engine Components\IPT;C:\Program Files (x86)\Intel\Intel(R) Management Engine Components\DAL;C:\Program Files (x86)\Intel\Intel(R) Management Engine Components\IPT;c:\Program Files (x86)\ATI Technologies\ATI.ACE\Core-Static;C:\Program Files\Dell\Dell Data Protection\Access\Advanced\Wave\Gemalto\Access Client\v5\;C:\Program Files (x86)\Security Innovation\SI TSS\bin\;C:\Program Files (x86)\Windows Live\Shared;D:\Like\Java\MySql\MySQL Utilities 1.3.4\;D:\Like\Java\ant\apache-ant-1.9.3-bin\apache-ant-1.9.3\lib;C:\Program Files (x86)\Windows Kits\8.1\Windows Performance Toolkit\;C:\Program Files\Microsoft SQL Server\110\Tools\Binn\;C:\opencv\build\x64\vc10\bin;C:\opencv\build\x64\vc10\lib;C:\Program Files\TortoiseGit\bin;C:\Program Files\TortoiseSVN\bin;C:\Program Files\nodejs\;C:\Users\MGC09\AppData\Roaming\npm;D:\Like\study\SSH\Maven\apache-maven-3.2.3-bin\apache-maven-3.2.3\bin;D:\QuickStart;D:\like\software\skype\skype\Phone\;D:\Like\Java\servers\xampps\php;C:\ProgramData\ComposerSetup\bin;C:\Users\MGC09\AppData\Roaming\npm;D:\Like\Java\eclipse;
USERNAME=MGC09
OS=Windows_NT
PROCESSOR_IDENTIFIER=Intel64 Family 6 Model 58 Stepping 9, GenuineIntel



---------------  S Y S T E M  ---------------

OS: Windows 7 , 64 bit Build 7601 Service Pack 1

CPU:total 4 (4 cores per cpu, 1 threads per core) family 6 model 58 stepping 9, cmov, cx8, fxsr, mmx, sse, sse2, sse3, ssse3, sse4.1, sse4.2, popcnt, avx, aes, erms, tsc, tscinvbit, tscinv

Memory: 4k page, physical 8342020k(2055136k free), swap 16682184k(7175164k free)

vm_info: Java HotSpot(TM) 64-Bit Server VM (24.45-b08) for windows-amd64 JRE (1.7.0_45-b18), built on Oct  8 2013 05:47:22 by "java_re" with unknown MS VC++:1600

time: Mon Mar 30 14:27:46 2015
elapsed time: 0 seconds

